0 info it worked if it ends with ok
1 verbose cli [ '/usr/local/bin/node', '/usr/local/bin/npm', 'run', 'commit' ]
2 info using npm@3.10.3
3 info using node@v6.3.0
4 verbose run-script [ 'precommit', 'commit', 'postcommit' ]
5 info lifecycle 23andme-snps@~precommit: 23andme-snps@
6 silly lifecycle 23andme-snps@~precommit: no script for precommit, continuing
7 info lifecycle 23andme-snps@~commit: 23andme-snps@
8 verbose lifecycle 23andme-snps@~commit: unsafe-perm in lifecycle true
9 verbose lifecycle 23andme-snps@~commit: PATH: /usr/local/lib/node_modules/npm/bin/node-gyp-bin:/Users/vincentporta/Desktop/OpenSource/23andMeModule/node_modules/.bin:/usr/local/bin:/Applications/MAMP/bin/php/php5.4.10/bin:/Applications/Postgres.app/Contents/Versions/9.4/bin:/usr/local:/usr/local/bin:/usr/local/sbin:/usr/bin:/usr/local/bin:/usr/bin:/bin:/usr/sbin:/sbin:/usr/local/git/bin
10 verbose lifecycle 23andme-snps@~commit: CWD: /Users/vincentporta/Desktop/OpenSource/23andMeModule
11 silly lifecycle 23andme-snps@~commit: Args: [ '-c', 'git-cz' ]
12 silly lifecycle 23andme-snps@~commit: Returned: code: 1  signal: null
13 info lifecycle 23andme-snps@~commit: Failed to exec commit script
14 verbose stack Error: 23andme-snps@ commit: `git-cz`
14 verbose stack Exit status 1
14 verbose stack     at EventEmitter.<anonymous> (/usr/local/lib/node_modules/npm/lib/utils/lifecycle.js:242:16)
14 verbose stack     at emitTwo (events.js:106:13)
14 verbose stack     at EventEmitter.emit (events.js:191:7)
14 verbose stack     at ChildProcess.<anonymous> (/usr/local/lib/node_modules/npm/lib/utils/spawn.js:40:14)
14 verbose stack     at emitTwo (events.js:106:13)
14 verbose stack     at ChildProcess.emit (events.js:191:7)
14 verbose stack     at maybeClose (internal/child_process.js:852:16)
14 verbose stack     at Process.ChildProcess._handle.onexit (internal/child_process.js:215:5)
15 verbose pkgid 23andme-snps@
16 verbose cwd /Users/vincentporta/Desktop/OpenSource/23andMeModule
17 error Darwin 15.5.0
18 error argv "/usr/local/bin/node" "/usr/local/bin/npm" "run" "commit"
19 error node v6.3.0
20 error npm  v3.10.3
21 error code ELIFECYCLE
22 error 23andme-snps@ commit: `git-cz`
22 error Exit status 1
23 error Failed at the 23andme-snps@ commit script 'git-cz'.
23 error Make sure you have the latest version of node.js and npm installed.
23 error If you do, this is most likely a problem with the 23andme-snps package,
23 error not with npm itself.
23 error Tell the author that this fails on your system:
23 error     git-cz
23 error You can get information on how to open an issue for this project with:
23 error     npm bugs 23andme-snps
23 error Or if that isn't available, you can get their info via:
23 error     npm owner ls 23andme-snps
23 error There is likely additional logging output above.
24 verbose exit [ 1, true ]
